android/app/build/intermediates/manifest_merge_blame_file/release/processReleaseMainManifest/manifest-merger-blame-release-report.txt
1<?xml version="1.0" encoding="utf-8"?>
2<manifest xmlns:android="http://schemas.android.com/apk/res/android"
3    package="com.example.pokerclub"
4    android:versionCode="1"
5    android:versionName="0.1.1" >
6
7    <uses-sdk
8        android:minSdkVersion="24"
9        android:targetSdkVersion="34" />
10
11    <permission
11-->[androidx.core:core:1.13.1] AndroidManifest.xml:22:5-24:47
12        android:name="com.example.pokerclub.DYNAMIC_RECEIVER_NOT_EXPORTED_PERMISSION"
12-->[androidx.core:core:1.13.1] AndroidManifest.xml:23:9-81
13        android:protectionLevel="signature" />
13-->[androidx.core:core:1.13.1] AndroidManifest.xml:24:9-44
14
15    <uses-permission android:name="com.example.pokerclub.DYNAMIC_RECEIVER_NOT_EXPORTED_PERMISSION" />
15-->[androidx.core:core:1.13.1] AndroidManifest.xml:26:5-97
15-->[androidx.core:core:1.13.1] AndroidManifest.xml:26:22-94
16
17    <application
17-->src\main\AndroidManifest.xml:2:1-35:15
18        android:allowBackup="true"
18-->src\main\AndroidManifest.xml:6:5-31
19        android:appComponentFactory="androidx.core.app.CoreComponentFactory"
19-->[androidx.core:core:1.13.1] AndroidManifest.xml:28:18-86
20        android:extractNativeLibs="false"
21        android:icon="@mipmap/ic_launcher"
21-->src\main\AndroidManifest.xml:4:5-39
22        android:label="@string/app_name"
22-->src\main\AndroidManifest.xml:3:5-37
23        android:networkSecurityConfig="@xml/network_security_config"
23-->src\main\AndroidManifest.xml:8:5-65
24        android:roundIcon="@mipmap/ic_launcher_round"
24-->src\main\AndroidManifest.xml:5:5-50
25        android:supportsRtl="true" >
25-->src\main\AndroidManifest.xml:7:5-31
26        <activity
26-->src\main\AndroidManifest.xml:10:5-33:16
27            android:name="com.example.pokerclub.MainActivity"
27-->src\main\AndroidManifest.xml:11:9-58
28            android:configChanges="orientation|screenSize|keyboardHidden"
28-->src\main\AndroidManifest.xml:15:9-70
29            android:exported="true"
29-->src\main\AndroidManifest.xml:12:9-32
30            android:launchMode="singleTask"
30-->src\main\AndroidManifest.xml:13:9-40
31            android:windowSoftInputMode="adjustResize" >
31-->src\main\AndroidManifest.xml:14:9-51
32
33            <!-- Custom scheme deep link: pokerclub://join?... -->
34            <intent-filter>
34-->src\main\AndroidManifest.xml:18:9-23:25
35                <action android:name="android.intent.action.VIEW" />
35-->src\main\AndroidManifest.xml:19:13-65
35-->src\main\AndroidManifest.xml:19:21-62
36
37                <category android:name="android.intent.category.DEFAULT" />
37-->src\main\AndroidManifest.xml:20:13-72
37-->src\main\AndroidManifest.xml:20:23-69
38                <category android:name="android.intent.category.BROWSABLE" />
38-->src\main\AndroidManifest.xml:21:13-74
38-->src\main\AndroidManifest.xml:21:23-71
39
40                <data
40-->src\main\AndroidManifest.xml:22:13-68
41                    android:host="join"
41-->src\main\AndroidManifest.xml:22:46-65
42                    android:scheme="pokerclub" />
42-->src\main\AndroidManifest.xml:22:19-45
43            </intent-filter>
44
45            <!-- Optional https app link while you test (matches our earlier guide) -->
46            <intent-filter>
46-->src\main\AndroidManifest.xml:26:9-32:25
47                <action android:name="android.intent.action.VIEW" />
47-->src\main\AndroidManifest.xml:19:13-65
47-->src\main\AndroidManifest.xml:19:21-62
48
49                <category android:name="android.intent.category.DEFAULT" />
49-->src\main\AndroidManifest.xml:20:13-72
49-->src\main\AndroidManifest.xml:20:23-69
50                <category android:name="android.intent.category.BROWSABLE" />
50-->src\main\AndroidManifest.xml:21:13-74
50-->src\main\AndroidManifest.xml:21:23-71
51
52                <data
52-->src\main\AndroidManifest.xml:22:13-68
53                    android:host="flashpoker.co.uk"
53-->src\main\AndroidManifest.xml:22:46-65
54                    android:pathPrefix="/join"
54-->src\main\AndroidManifest.xml:30:74-100
55                    android:scheme="https" />
55-->src\main\AndroidManifest.xml:22:19-45
56                <data
56-->src\main\AndroidManifest.xml:22:13-68
57                    android:host="flashpoker.co.uk"
57-->src\main\AndroidManifest.xml:22:46-65
58                    android:pathPrefix="/join"
58-->src\main\AndroidManifest.xml:30:74-100
59                    android:scheme="http" />
59-->src\main\AndroidManifest.xml:22:19-45
60            </intent-filter>
61        </activity>
62
63        <provider
63-->[androidx.emoji2:emoji2:1.3.0] AndroidManifest.xml:24:9-32:20
64            android:name="androidx.startup.InitializationProvider"
64-->[androidx.emoji2:emoji2:1.3.0] AndroidManifest.xml:25:13-67
65            android:authorities="com.example.pokerclub.androidx-startup"
65-->[androidx.emoji2:emoji2:1.3.0] AndroidManifest.xml:26:13-68
66            android:exported="false" >
66-->[androidx.emoji2:emoji2:1.3.0] AndroidManifest.xml:27:13-37
67            <meta-data
67-->[androidx.emoji2:emoji2:1.3.0] AndroidManifest.xml:29:13-31:52
68                android:name="androidx.emoji2.text.EmojiCompatInitializer"
68-->[androidx.emoji2:emoji2:1.3.0] AndroidManifest.xml:30:17-75
69                android:value="androidx.startup" />
69-->[androidx.emoji2:emoji2:1.3.0] AndroidManifest.xml:31:17-49
70            <meta-data
70-->[androidx.lifecycle:lifecycle-process:2.8.3] AndroidManifest.xml:29:13-31:52
71                android:name="androidx.lifecycle.ProcessLifecycleInitializer"
71-->[androidx.lifecycle:lifecycle-process:2.8.3] AndroidManifest.xml:30:17-78
72                android:value="androidx.startup" />
72-->[androidx.lifecycle:lifecycle-process:2.8.3] AndroidManifest.xml:31:17-49
73            <meta-data
73-->[androidx.profileinstaller:profileinstaller:1.3.1] AndroidManifest.xml:29:13-31:52
74                android:name="androidx.profileinstaller.ProfileInstallerInitializer"
74-->[androidx.profileinstaller:profileinstaller:1.3.1] AndroidManifest.xml:30:17-85
75                android:value="androidx.startup" />
75-->[androidx.profileinstaller:profileinstaller:1.3.1] AndroidManifest.xml:31:17-49
76        </provider>
77
78        <receiver
78-->[androidx.profileinstaller:profileinstaller:1.3.1] AndroidManifest.xml:34:9-52:20
79            android:name="androidx.profileinstaller.ProfileInstallReceiver"
79-->[androidx.profileinstaller:profileinstaller:1.3.1] AndroidManifest.xml:35:13-76
80            android:directBootAware="false"
80-->[androidx.profileinstaller:profileinstaller:1.3.1] AndroidManifest.xml:36:13-44
81            android:enabled="true"
81-->[androidx.profileinstaller:profileinstaller:1.3.1] AndroidManifest.xml:37:13-35
82            android:exported="true"
82-->[androidx.profileinstaller:profileinstaller:1.3.1] AndroidManifest.xml:38:13-36
83            android:permission="android.permission.DUMP" >
83-->[androidx.profileinstaller:profileinstaller:1.3.1] AndroidManifest.xml:39:13-57
84            <intent-filter>
84-->[androidx.profileinstaller:profileinstaller:1.3.1] AndroidManifest.xml:40:13-42:29
85                <action android:name="androidx.profileinstaller.action.INSTALL_PROFILE" />
85-->[androidx.profileinstaller:profileinstaller:1.3.1] AndroidManifest.xml:41:17-91
85-->[androidx.profileinstaller:profileinstaller:1.3.1] AndroidManifest.xml:41:25-88
86            </intent-filter>
87            <intent-filter>
87-->[androidx.profileinstaller:profileinstaller:1.3.1] AndroidManifest.xml:43:13-45:29
88                <action android:name="androidx.profileinstaller.action.SKIP_FILE" />
88-->[androidx.profileinstaller:profileinstaller:1.3.1] AndroidManifest.xml:44:17-85
88-->[androidx.profileinstaller:profileinstaller:1.3.1] AndroidManifest.xml:44:25-82
89            </intent-filter>
90            <intent-filter>
90-->[androidx.profileinstaller:profileinstaller:1.3.1] AndroidManifest.xml:46:13-48:29
91                <action android:name="androidx.profileinstaller.action.SAVE_PROFILE" />
91-->[androidx.profileinstaller:profileinstaller:1.3.1] AndroidManifest.xml:47:17-88
91-->[androidx.profileinstaller:profileinstaller:1.3.1] AndroidManifest.xml:47:25-85
92            </intent-filter>
93            <intent-filter>
93-->[androidx.profileinstaller:profileinstaller:1.3.1] AndroidManifest.xml:49:13-51:29
94                <action android:name="androidx.profileinstaller.action.BENCHMARK_OPERATION" />
94-->[androidx.profileinstaller:profileinstaller:1.3.1] AndroidManifest.xml:50:17-95
94-->[androidx.profileinstaller:profileinstaller:1.3.1] AndroidManifest.xml:50:25-92
95            </intent-filter>
96        </receiver>
97    </application>
98
99</manifest>